0 info it worked if it ends with ok
1 verbose cli [ '/home/ubuntu/.nvm/versions/node/v4.1.1/bin/node',
1 verbose cli   '/home/ubuntu/.nvm/versions/node/v4.1.1/bin/npm',
1 verbose cli   '--color=always',
1 verbose cli   'view',
1 verbose cli   '@amazinggracec/dir' ]
2 info using npm@3.5.3
3 info using node@v4.1.1
4 silly mapToRegistry name @amazinggracec/dir
5 silly mapToRegistry scope (from package name) @amazinggracec
6 verbose mapToRegistry no registry URL found in name for scope @amazinggracec
7 silly mapToRegistry using default registry
8 silly mapToRegistry registry http://localhost:15443/
9 silly mapToRegistry uri http://localhost:15443/@amazinggracec%2fdir
10 verbose request uri http://localhost:15443/@amazinggracec%2fdir
11 verbose request no auth needed
12 info attempt registry request try #1 at 6:35:06 PM
13 verbose request id 81df8c27a520d997
14 http request GET http://localhost:15443/@amazinggracec%2fdir
15 http 404 http://localhost:15443/@amazinggracec%2fdir
16 verbose headers { 'content-type': 'application/json',
16 verbose headers   date: 'Mon, 25 Jan 2016 18:35:06 GMT',
16 verbose headers   connection: 'keep-alive',
16 verbose headers   'content-length': '19' }
17 silly get cb [ 404,
17 silly get   { 'content-type': 'application/json',
17 silly get     date: 'Mon, 25 Jan 2016 18:35:06 GMT',
17 silly get     connection: 'keep-alive',
17 silly get     'content-length': '19' } ]
18 verbose stack Error: missing : @amazinggracec/dir
18 verbose stack     at makeError (/home/ubuntu/.nvm/versions/node/v4.1.1/lib/node_modules/npm/node_modules/npm-registry-client/lib/request.js:264:12)
18 verbose stack     at CachingRegistryClient.<anonymous> (/home/ubuntu/.nvm/versions/node/v4.1.1/lib/node_modules/npm/node_modules/npm-registry-client/lib/request.js:252:14)
18 verbose stack     at Request._callback (/home/ubuntu/.nvm/versions/node/v4.1.1/lib/node_modules/npm/node_modules/npm-registry-client/lib/request.js:172:14)
18 verbose stack     at Request.self.callback (/home/ubuntu/.nvm/versions/node/v4.1.1/lib/node_modules/npm/node_modules/request/request.js:198:22)
18 verbose stack     at emitTwo (events.js:87:13)
18 verbose stack     at Request.emit (events.js:172:7)
18 verbose stack     at Request.<anonymous> (/home/ubuntu/.nvm/versions/node/v4.1.1/lib/node_modules/npm/node_modules/request/request.js:1035:10)
18 verbose stack     at emitOne (events.js:82:20)
18 verbose stack     at Request.emit (events.js:169:7)
18 verbose stack     at IncomingMessage.<anonymous> (/home/ubuntu/.nvm/versions/node/v4.1.1/lib/node_modules/npm/node_modules/request/request.js:962:12)
19 verbose statusCode 404
20 verbose pkgid @amazinggracec/dir
21 verbose cwd /home/ubuntu/workspace/dir
22 error Linux 4.2.0-c9
23 error argv "/home/ubuntu/.nvm/versions/node/v4.1.1/bin/node" "/home/ubuntu/.nvm/versions/node/v4.1.1/bin/npm" "--color=always" "view" "@amazinggracec/dir"
24 error node v4.1.1
25 error npm  v3.5.3
26 error code E404
27 error 404 missing : @amazinggracec/dir
28 error 404
29 error 404 '@amazinggracec/dir' is not in the npm registry.
30 error 404 You should bug the author to publish it (or use the name yourself!)
31 error 404 Note that you can also install from a
32 error 404 tarball, folder, http url, or git url.
33 verbose exit [ 1, true ]
